<?xml version="1.0" encoding="UTF-8"?>
<!-- Generated by org.testng.reporters.JUnitReportReporter -->
<testsuite skipped="0" hostname="LAPTOP-KED48LAM" name="tests.TESTSampleFramework" tests="1" failures="0" timestamp="25 Sep 2020 14:56:51 GMT" time="13.172" errors="0">
  <testcase name="submit" time="13.172" classname="tests.TESTSampleFramework"/>
</testsuite> <!-- tests.TESTSampleFramework -->
